2024-10-28T08:03:47+00:00 DEBUG POST: https://ads.tiktok.com/marketing_api/api/developer/app/create_auto_approve/

{"business_platform":"PROD","smb_id":"tt4b_woocommerce_671f4563e16f7httplocalhostwp-admin","smb_name":"PROD","redirect_url":"http:\/\/localhost\/wp-admin\/"}
 ajax: no
2024-10-28T08:03:48+00:00 DEBUG Tt4b_Mapi_Class::create_open_source_app: Response: 

HTTP/1.1 200 OK
Content-Type: application/json
X-Tt-Logid: 20241028080347958B4F7BA81E5A24719F,20241028080347958B4F7BA81E5A24719F
Strict-Transport-Security: max-age=31536000; includeSubDomains
Server-Timing: inner; dur=85
x-tt-trace-host: 01443b6056ca8d95e870c1071ffa6f4eabf4f6444808d3d0e915a202e70c2d3f3442c97f2863111b3ad584943fce2e9d4aac0164bbe20f95a2d4d7665552907cc6f0ceac75fceafec17efb0b7709cc55e6887f82d81abf3671757dec9865614d98
x-tt-trace-id: 00-241028080347958B4F7BA81E5A24719F-565DBF5315962A4A-00
Server: TLB
Content-Encoding: gzip
Date: Mon, 28 Oct 2024 08:03:48 GMT
Content-Length: 199
X-Cache: TCP_MISS from a27-77-82-142.deploy.akamaitechnologies.com (AkamaiGHost/11.6.5-0c617a4be13e71cac2c90d10d87ecf54) (-)
Connection: close
Vary: Accept-Encoding
x-tt-trace-tag: id=16;cdn-cache=miss;type=dyn
Server-Timing: cdn-cache; desc=MISS, edge; dur=3, origin; dur=118
X-Origin-Response-Time: 118,27.77.82.142
X-Akamai-Request-ID: 4a88d3b9

{"code":0,"msg":"ok","data":{"redirect_uri":"http:\/\/localhost\/wp-admin\/","app_secret":"d40212d75b0d76b0c7c5eb070842cbe6e64f1198","app_id":"7430734208118587408","external_data_key":"dc783a79-5d6d-40a6-80f2-e2b94fa6924f"}}

2024-10-28T08:37:20+00:00 DEBUG Tt4b_Pixel_Class::inject_view_content_event: hit ViewContent
2024-10-28T08:37:20+00:00 DEBUG Tt4b_Pixel_Class::inject_view_content_event: Missing option "access_token"
2024-10-28T08:40:56+00:00 DEBUG Tt4b_Pixel_Class::inject_view_content_event: hit ViewContent
2024-10-28T08:40:56+00:00 DEBUG Tt4b_Pixel_Class::inject_view_content_event: Missing option "access_token"
